android/app/build/intermediates/manifest_merge_blame_file/release/processReleaseMainManifest/manifest-merger-blame-release-report.txt
1<?xml version="1.0" encoding="utf-8"?>
2<manifest xmlns:android="http://schemas.android.com/apk/res/android"
3    package="com.solvix.tabungan"
4    android:versionCode="1"
5    android:versionName="1.0" >
6
7    <uses-sdk
8        android:minSdkVersion="24"
9        android:targetSdkVersion="34" />
10
11    <uses-permission android:name="android.permission.USE_BIOMETRIC" /> <!-- suppress DeprecatedClassUsageInspection -->
11-->[androidx.biometric:biometric:1.1.0] AndroidManifest.xml:24:5-72
11-->[androidx.biometric:biometric:1.1.0] AndroidManifest.xml:24:22-69
12    <uses-permission android:name="android.permission.USE_FINGERPRINT" />
12-->[androidx.biometric:biometric:1.1.0] AndroidManifest.xml:27:5-74
12-->[androidx.biometric:biometric:1.1.0] AndroidManifest.xml:27:22-71
13
14    <permission
14-->[androidx.core:core:1.13.0] AndroidManifest.xml:22:5-24:47
15        android:name="com.solvix.tabungan.DYNAMIC_RECEIVER_NOT_EXPORTED_PERMISSION"
15-->[androidx.core:core:1.13.0] AndroidManifest.xml:23:9-81
16        android:protectionLevel="signature" />
16-->[androidx.core:core:1.13.0] AndroidManifest.xml:24:9-44
17
18    <uses-permission android:name="com.solvix.tabungan.DYNAMIC_RECEIVER_NOT_EXPORTED_PERMISSION" />
18-->[androidx.core:core:1.13.0] AndroidManifest.xml:26:5-97
18-->[androidx.core:core:1.13.0] AndroidManifest.xml:26:22-94
19
20    <application
20-->src\main\AndroidManifest.xml:3:3-18:17
21        android:allowBackup="true"
21-->src\main\AndroidManifest.xml:4:5-31
22        android:appComponentFactory="androidx.core.app.CoreComponentFactory"
22-->[androidx.core:core:1.13.0] AndroidManifest.xml:28:18-86
23        android:extractNativeLibs="false"
24        android:icon="@drawable/logo2"
24-->src\main\AndroidManifest.xml:6:5-35
25        android:label="@string/app_name"
25-->src\main\AndroidManifest.xml:5:5-37
26        android:roundIcon="@drawable/logo2"
26-->src\main\AndroidManifest.xml:7:5-40
27        android:supportsRtl="true"
27-->src\main\AndroidManifest.xml:8:5-31
28        android:theme="@style/Theme.Tabungan" >
28-->src\main\AndroidManifest.xml:9:5-42
29        <activity
29-->src\main\AndroidManifest.xml:10:5-17:16
30            android:name="com.solvix.tabungan.MainActivity"
30-->src\main\AndroidManifest.xml:11:7-35
31            android:exported="true" >
31-->src\main\AndroidManifest.xml:12:7-30
32            <intent-filter>
32-->src\main\AndroidManifest.xml:13:7-16:23
33                <action android:name="android.intent.action.MAIN" />
33-->src\main\AndroidManifest.xml:14:9-61
33-->src\main\AndroidManifest.xml:14:17-58
34
35                <category android:name="android.intent.category.LAUNCHER" />
35-->src\main\AndroidManifest.xml:15:9-69
35-->src\main\AndroidManifest.xml:15:19-66
36            </intent-filter>
37        </activity>
38
39        <provider
39-->[io.github.jan-tennert.supabase:gotrue-kt-android:2.4.1] AndroidManifest.xml:9:9-17:20
40            android:name="androidx.startup.InitializationProvider"
40-->[io.github.jan-tennert.supabase:gotrue-kt-android:2.4.1] AndroidManifest.xml:10:13-67
41            android:authorities="com.solvix.tabungan.androidx-startup"
41-->[io.github.jan-tennert.supabase:gotrue-kt-android:2.4.1] AndroidManifest.xml:11:13-68
42            android:exported="false" >
42-->[io.github.jan-tennert.supabase:gotrue-kt-android:2.4.1] AndroidManifest.xml:12:13-37
43            <meta-data
43-->[io.github.jan-tennert.supabase:gotrue-kt-android:2.4.1] AndroidManifest.xml:14:13-16:52
44                android:name="io.github.jan.supabase.gotrue.SupabaseInitializer"
44-->[io.github.jan-tennert.supabase:gotrue-kt-android:2.4.1] AndroidManifest.xml:15:17-81
45                android:value="androidx.startup" />
45-->[io.github.jan-tennert.supabase:gotrue-kt-android:2.4.1] AndroidManifest.xml:16:17-49
46            <meta-data
46-->[androidx.emoji2:emoji2:1.3.0] AndroidManifest.xml:29:13-31:52
47                android:name="androidx.emoji2.text.EmojiCompatInitializer"
47-->[androidx.emoji2:emoji2:1.3.0] AndroidManifest.xml:30:17-75
48                android:value="androidx.startup" />
48-->[androidx.emoji2:emoji2:1.3.0] AndroidManifest.xml:31:17-49
49            <meta-data
49-->[androidx.lifecycle:lifecycle-process:2.7.0] AndroidManifest.xml:29:13-31:52
50                android:name="androidx.lifecycle.ProcessLifecycleInitializer"
50-->[androidx.lifecycle:lifecycle-process:2.7.0] AndroidManifest.xml:30:17-78
51                android:value="androidx.startup" />
51-->[androidx.lifecycle:lifecycle-process:2.7.0] AndroidManifest.xml:31:17-49
52            <meta-data
52-->[com.russhwolf:multiplatform-settings-no-arg-android:1.1.1] AndroidManifest.xml:29:13-31:52
53                android:name="com.russhwolf.settings.SettingsInitializer"
53-->[com.russhwolf:multiplatform-settings-no-arg-android:1.1.1] AndroidManifest.xml:30:17-74
54                android:value="androidx.startup" />
54-->[com.russhwolf:multiplatform-settings-no-arg-android:1.1.1] AndroidManifest.xml:31:17-49
55            <meta-data
55-->[androidx.profileinstaller:profileinstaller:1.3.0] AndroidManifest.xml:29:13-31:52
56                android:name="androidx.profileinstaller.ProfileInstallerInitializer"
56-->[androidx.profileinstaller:profileinstaller:1.3.0] AndroidManifest.xml:30:17-85
57                android:value="androidx.startup" />
57-->[androidx.profileinstaller:profileinstaller:1.3.0] AndroidManifest.xml:31:17-49
58        </provider>
59
60        <receiver
60-->[androidx.profileinstaller:profileinstaller:1.3.0] AndroidManifest.xml:34:9-52:20
61            android:name="androidx.profileinstaller.ProfileInstallReceiver"
61-->[androidx.profileinstaller:profileinstaller:1.3.0] AndroidManifest.xml:35:13-76
62            android:directBootAware="false"
62-->[androidx.profileinstaller:profileinstaller:1.3.0] AndroidManifest.xml:36:13-44
63            android:enabled="true"
63-->[androidx.profileinstaller:profileinstaller:1.3.0] AndroidManifest.xml:37:13-35
64            android:exported="true"
64-->[androidx.profileinstaller:profileinstaller:1.3.0] AndroidManifest.xml:38:13-36
65            android:permission="android.permission.DUMP" >
65-->[androidx.profileinstaller:profileinstaller:1.3.0] AndroidManifest.xml:39:13-57
66            <intent-filter>
66-->[androidx.profileinstaller:profileinstaller:1.3.0] AndroidManifest.xml:40:13-42:29
67                <action android:name="androidx.profileinstaller.action.INSTALL_PROFILE" />
67-->[androidx.profileinstaller:profileinstaller:1.3.0] AndroidManifest.xml:41:17-91
67-->[androidx.profileinstaller:profileinstaller:1.3.0] AndroidManifest.xml:41:25-88
68            </intent-filter>
69            <intent-filter>
69-->[androidx.profileinstaller:profileinstaller:1.3.0] AndroidManifest.xml:43:13-45:29
70                <action android:name="androidx.profileinstaller.action.SKIP_FILE" />
70-->[androidx.profileinstaller:profileinstaller:1.3.0] AndroidManifest.xml:44:17-85
70-->[androidx.profileinstaller:profileinstaller:1.3.0] AndroidManifest.xml:44:25-82
71            </intent-filter>
72            <intent-filter>
72-->[androidx.profileinstaller:profileinstaller:1.3.0] AndroidManifest.xml:46:13-48:29
73                <action android:name="androidx.profileinstaller.action.SAVE_PROFILE" />
73-->[androidx.profileinstaller:profileinstaller:1.3.0] AndroidManifest.xml:47:17-88
73-->[androidx.profileinstaller:profileinstaller:1.3.0] AndroidManifest.xml:47:25-85
74            </intent-filter>
75            <intent-filter>
75-->[androidx.profileinstaller:profileinstaller:1.3.0] AndroidManifest.xml:49:13-51:29
76                <action android:name="androidx.profileinstaller.action.BENCHMARK_OPERATION" />
76-->[androidx.profileinstaller:profileinstaller:1.3.0] AndroidManifest.xml:50:17-95
76-->[androidx.profileinstaller:profileinstaller:1.3.0] AndroidManifest.xml:50:25-92
77            </intent-filter>
78        </receiver>
79    </application>
80
81</manifest>